2019-10-02T08:23:56+00:00 CRITICAL Uncaught Error: Call to a member function is_on_sale() on null in C:\xampp\htdocs\ticketim\wp-content\plugins\woocommerce\templates\single-product\sale-flash.php:25
Stack trace:
#0 C:\xampp\htdocs\ticketim\wp-content\plugins\woocommerce\includes\wc-core-functions.php(249): include()
#1 C:\xampp\htdocs\ticketim\wp-content\plugins\woocommerce\includes\wc-template-functions.php(1561): wc_get_template('single-product/...')
#2 C:\xampp\htdocs\ticketim\wp-includes\class-wp-hook.php(286): woocommerce_show_product_sale_flash('')
#3 C:\xampp\htdocs\ticketim\wp-includes\class-wp-hook.php(310): WP_Hook->apply_filters('', Array)
#4 C:\xampp\htdocs\ticketim\wp-includes\plugin.php(465): WP_Hook->do_action(Array)
#5 C:\xampp\htdocs\ticketim\wp-content\plugins\woocommerce\templates\content-single-product.php(43): do_action('woocommerce_bef...')
#6 C:\xampp\htdocs\ticketim\wp-includes\template.php(724): require('C:\\xampp\\htdocs...')
#7 C:\xampp\htdocs\ticketim\wp-content\plugins\woocommerce\includes\wc-core-functions.php(19 בקובץ C:\xampp\htdocs\ticketim\wp-content\plugins\woocommerce\templates\single-product\sale-flash.php בשורה 25

2019-10-02T11:12:14+00:00 CRITICAL Uncaught Error: Call to undefined function theme() in C:\Users\user\Downloads\OSPanel\domains\ticketim\wp-content\themes\ticketim\footer.php:38
Stack trace:
#0 C:\Users\user\Downloads\OSPanel\domains\ticketim\wp-includes\template.php(722): require_once()
#1 C:\Users\user\Downloads\OSPanel\domains\ticketim\wp-includes\template.php(671): load_template('C:\\Users\\user\\D...', true)
#2 C:\Users\user\Downloads\OSPanel\domains\ticketim\wp-includes\general-template.php(76): locate_template(Array, true)
#3 C:\Users\user\Downloads\OSPanel\domains\ticketim\wp-content\themes\ticketim\home.php(173): get_footer()
#4 C:\Users\user\Downloads\OSPanel\domains\ticketim\wp-includes\template-loader.php(78): include('C:\\Users\\user\\D...')
#5 C:\Users\user\Downloads\OSPanel\domains\ticketim\wp-blog-header.php(19): require_once('C:\\Users\\user\\D...')
#6 C:\Users\user\Downloads\OSPanel\domains\ticketim\index.php(17): require('C:\\Users\\user\\D...')
#7 {main}
  thrown בקובץ C:\Users\user\Downloads\OSPanel\domains\ticketim\wp-content\themes\ticketim\footer.php בשורה 38

2019-10-02T11:12:37+00:00 CRITICAL Uncaught Error: Call to undefined function theme() in C:\Users\user\Downloads\OSPanel\domains\ticketim\wp-content\themes\ticketim\footer.php:38
Stack trace:
#0 C:\Users\user\Downloads\OSPanel\domains\ticketim\wp-includes\template.php(722): require_once()
#1 C:\Users\user\Downloads\OSPanel\domains\ticketim\wp-includes\template.php(671): load_template('C:\\Users\\user\\D...', true)
#2 C:\Users\user\Downloads\OSPanel\domains\ticketim\wp-includes\general-template.php(76): locate_template(Array, true)
#3 C:\Users\user\Downloads\OSPanel\domains\ticketim\wp-content\themes\ticketim\home.php(173): get_footer()
#4 C:\Users\user\Downloads\OSPanel\domains\ticketim\wp-includes\template-loader.php(78): include('C:\\Users\\user\\D...')
#5 C:\Users\user\Downloads\OSPanel\domains\ticketim\wp-blog-header.php(19): require_once('C:\\Users\\user\\D...')
#6 C:\Users\user\Downloads\OSPanel\domains\ticketim\index.php(17): require('C:\\Users\\user\\D...')
#7 {main}
  thrown בקובץ C:\Users\user\Downloads\OSPanel\domains\ticketim\wp-content\themes\ticketim\footer.php בשורה 38

2019-10-02T11:13:04+00:00 CRITICAL Uncaught Error: Call to undefined function theme() in C:\Users\user\Downloads\OSPanel\domains\ticketim\wp-content\themes\ticketim\footer.php:39
Stack trace:
#0 C:\Users\user\Downloads\OSPanel\domains\ticketim\wp-includes\template.php(722): require_once()
#1 C:\Users\user\Downloads\OSPanel\domains\ticketim\wp-includes\template.php(671): load_template('C:\\Users\\user\\D...', true)
#2 C:\Users\user\Downloads\OSPanel\domains\ticketim\wp-includes\general-template.php(76): locate_template(Array, true)
#3 C:\Users\user\Downloads\OSPanel\domains\ticketim\wp-content\themes\ticketim\home.php(173): get_footer()
#4 C:\Users\user\Downloads\OSPanel\domains\ticketim\wp-includes\template-loader.php(78): include('C:\\Users\\user\\D...')
#5 C:\Users\user\Downloads\OSPanel\domains\ticketim\wp-blog-header.php(19): require_once('C:\\Users\\user\\D...')
#6 C:\Users\user\Downloads\OSPanel\domains\ticketim\index.php(17): require('C:\\Users\\user\\D...')
#7 {main}
  thrown בקובץ C:\Users\user\Downloads\OSPanel\domains\ticketim\wp-content\themes\ticketim\footer.php בשורה 39

